This is pdfTeX, Version 3.141592653-2.6-1.40.25 (MiKTeX 24.1) (preloaded format=pdflatex 2025.11.24)  24 NOV 2025 20:18
entering extended mode
 restricted \write18 enabled.
 file:line:error style messages enabled.
 %&-line parsing enabled.
**c:/Users/Uporabnik/Documents/racunalniski-praktikum/06-uvod-v-latex/urnik/urnik.tex
(c:/Users/Uporabnik/Documents/racunalniski-praktikum/06-uvod-v-latex/urnik/urnik.tex
LaTeX2e <2023-11-01> patch level 1
L3 programming layer <2024-01-04>
(C:\Users\Uporabnik\AppData\Local\Programs\MiKTeX\tex/latex/base\article.cls
Document Class: article 2023/05/17 v1.4n Standard LaTeX document class
(C:\Users\Uporabnik\AppData\Local\Programs\MiKTeX\tex/latex/base\size10.clo
File: size10.clo 2023/05/17 v1.4n Standard LaTeX file (size option)
)
\c@part=\count187
\c@section=\count188
\c@subsection=\count189
\c@subsubsection=\count190
\c@paragraph=\count191
\c@subparagraph=\count192
\c@figure=\count193
\c@table=\count194
\abovecaptionskip=\skip48
\belowcaptionskip=\skip49
\bibindent=\dimen140
) (C:\Users\Uporabnik\AppData\Local\Programs\MiKTeX\tex/latex/l3backend\l3backend-pdftex.def
File: l3backend-pdftex.def 2024-01-04 L3 backend support: PDF output (pdfTeX)
\l__color_backend_stack_int=\count195
\l__pdf_internal_box=\box51
) (urnik.aux)
\openout1 = `urnik.aux'.

LaTeX Font Info:    Checking defaults for OML/cmm/m/it on input line 8.
LaTeX Font Info:    ... okay on input line 8.
LaTeX Font Info:    Checking defaults for OMS/cmsy/m/n on input line 8.
LaTeX Font Info:    ... okay on input line 8.
LaTeX Font Info:    Checking defaults for OT1/cmr/m/n on input line 8.
LaTeX Font Info:    ... okay on input line 8.
LaTeX Font Info:    Checking defaults for T1/cmr/m/n on input line 8.
LaTeX Font Info:    ... okay on input line 8.
LaTeX Font Info:    Checking defaults for TS1/cmr/m/n on input line 8.
LaTeX Font Info:    ... okay on input line 8.
LaTeX Font Info:    Checking defaults for OMX/cmex/m/n on input line 8.
LaTeX Font Info:    ... okay on input line 8.
LaTeX Font Info:    Checking defaults for U/cmr/m/n on input line 8.
LaTeX Font Info:    ... okay on input line 8.

Overfull \hbox (20.08408pt too wide) in paragraph at lines 73--82
\OT1/cmr/m/n/10 meta>matematika</imePredmeta> <steviloUr-NaT-e-den>3</steviloUrNaTeden> </pred-
 []

[1

{C:/Users/Uporabnik/AppData/Local/MiKTeX/fonts/map/pdftex/pdftex.map}]
Overfull \hbox (5.55629pt too wide) in paragraph at lines 90--93
[]\OT1/cmr/m/n/10 Pri ob-jek-tno ori-en-ti-ranih pro-gram-skih jezikih (Del-phi, C++, Java) vse vhodne
 []

[2]
Overfull \hbox (0.49135pt too wide) in paragraph at lines 175--180
\OT1/cmr/m/n/10 sploh ne more priti. Tabela zasedenosti je dober primer pametne im-ple-mentacije,
 []


Overfull \hbox (0.55626pt too wide) in paragraph at lines 204--208
\OT1/cmr/m/n/10 verja ve-liko ^^Tstevilo ^^Tsibkih ome-jitev, zato sno-valci pro-gramov prav temu posve^^Tcajo
 []

[3] [4] [5]
Overfull \hbox (1.13962pt too wide) in paragraph at lines 364--367
\OT1/cmr/m/n/10 eraci-jami iz okolic sis-tema oprav-imo na nekem ko-raku op-ti-mizaci-jskega postopka.
 []

[6] [7] [8] (urnik.aux)
 ***********
LaTeX2e <2023-11-01> patch level 1
L3 programming layer <2024-01-04>
 ***********
 ) 
Here is how much of TeX's memory you used:
 436 strings out of 474486
 8849 string characters out of 5741866
 1935542 words of memory out of 5000000
 22800 multiletter control sequences out of 15000+600000
 559279 words of font info for 40 fonts, out of 8000000 for 9000
 1141 hyphenation exceptions out of 8191
 35i,6n,50p,234b,109s stack positions out of 10000i,1000n,20000p,200000b,200000s
<C:/Users/Uporabnik/AppData/Local/Programs/MiKTeX/fonts/type1/public/amsfonts/cm/cmbx12.pfb><C:/Users/Uporabnik/AppData/Local/Programs/MiKTeX/fonts/type1/public/amsfonts/cm/cmr10.pfb>
Output written on urnik.pdf (8 pages, 60870 bytes).
PDF statistics:
 39 PDF objects out of 1000 (max. 8388607)
 0 named destinations out of 1000 (max. 500000)
 1 words of extra memory for PDF output out of 10000 (max. 10000000)

